<?xml version="1.0" encoding="UTF-8"?>
<!-- Generated by org.testng.reporters.JUnitReportReporter -->
<testsuite hostname="DESKTOP-V8KH0U1" failures="0" tests="4" name="com.bhiman.test.masters.UsersTest" time="81.135" errors="0" timestamp="2021-02-25T20:38:27 IST" skipped="0">
  <testcase classname="com.bhiman.test.masters.UsersTest" name="verifyClickOnCopyButton" time="20.035"/>
  <system-out/>
  <testcase classname="com.bhiman.test.masters.UsersTest" name="verifyClickOnExcelButton" time="19.113"/>
  <system-out/>
  <testcase classname="com.bhiman.test.masters.UsersTest" name="verifyaddUserinUsers" time="23.092"/>
  <system-out/>
  <testcase classname="com.bhiman.test.masters.UsersTest" name="verifyUsersInMasters" time="18.895"/>
  <system-out/>
</testsuite> <!-- com.bhiman.test.masters.UsersTest -->
