<?xml version="1.0" encoding="UTF-8"?>
<!-- Generated by org.testng.reporters.JUnitReportReporter -->
<testsuite hostname="DESKTOP-V8KH0U1" failures="0" tests="7" name="com.bhiman.test.masters.BrokersTest" time="181.755" errors="0" timestamp="2021-02-25T20:38:27 IST" skipped="0">
  <testcase classname="com.bhiman.test.masters.BrokersTest" name="toCheckBrokersOption" time="21.738"/>
  <system-out/>
  <testcase classname="com.bhiman.test.masters.BrokersTest" name="clickOnPrintBtn" time="29.198"/>
  <system-out/>
  <testcase classname="com.bhiman.test.masters.BrokersTest" name="clickOnExcelBtn" time="26.916"/>
  <system-out/>
  <testcase classname="com.bhiman.test.masters.BrokersTest" name="clickOnViewBrokers" time="26.058"/>
  <system-out/>
  <testcase classname="com.bhiman.test.masters.BrokersTest" name="clickingOnBrokersPageFromMasters" time="24.679"/>
  <system-out/>
  <testcase classname="com.bhiman.test.masters.BrokersTest" name="clickOnPDFBtn" time="28.192"/>
  <system-out/>
  <testcase classname="com.bhiman.test.masters.BrokersTest" name="clickOnCopyBtnOnBroker" time="24.974"/>
  <system-out/>
</testsuite> <!-- com.bhiman.test.masters.BrokersTest -->
